2015-12-31 06:53:01 [::1][-][-][error][yii\i18n\PhpMessageSource::loadMessages] The message file for category 'fhub' does not exist: ../../common/messages/en/fhub.php
    in D:\xampp\htdocs\clang\frontend\controllers\CarfinanceController.php:107
2015-12-31 06:52:58 [::1][-][-][info][application] $_GET = [
    'r' => 'carfinance'
]

$_COOKIE = [
    '_ga' => 'GA1.1.1178769069.1449721443'
]

$_SERVER = [
    'MIBDIRS' => 'D:/xampp/php/extras/mibs'
    'MYSQL_HOME' => '\\xampp\\mysql\\bin'
    'OPENSSL_CONF' => 'D:/xampp/apache/bin/openssl.cnf'
    'PHP_PEAR_SYSCONF_DIR' => '\\xampp\\php'
    'PHPRC' => '\\xampp\\php'
    'TMP' => '\\xampp\\tmp'
    'HTTP_HOST' => 'localhost'
    'HTTP_CONNECTION' => 'keep-alive'
    'HTTP_CACHE_CONTROL' => 'max-age=0'
    'HTTP_ACCEPT' => 'text/html,application/xhtml+xml,application/xml;q=0.9,image/webp,*/*;q=0.8'
    'HTTP_UPGRADE_INSECURE_REQUESTS' => '1'
    'HTTP_USER_AGENT' => 'Mozilla/5.0 (Windows NT 6.3; WOW64) AppleWebKit/537.36 (KHTML, like Gecko) Chrome/47.0.2526.106 Safari/537.36'
    'HTTP_ACCEPT_ENCODING' => 'gzip, deflate, sdch'
    'HTTP_ACCEPT_LANGUAGE' => 'en-US,en;q=0.8,pt;q=0.6'
    'HTTP_COOKIE' => '_ga=GA1.1.1178769069.1449721443'
    'PATH' => 'C:\\ProgramData\\Oracle\\Java\\javapath;c:\\Program Files (x86)\\AMD APP\\bin\\x86_64;c:\\Program Files (x86)\\AMD APP\\bin\\x86;C:\\WINDOWS\\system32;C:\\WINDOWS;C:\\WINDOWS\\System32\\Wbem;C:\\WINDOWS\\System32\\WindowsPowerShell\\v1.0\\;c:\\Program Files (x86)\\ATI Technologies\\ATI.ACE\\Core-Static;D:\\xampp\\php;C:\\ProgramData\\ComposerSetup\\bin;C:\\Program Files (x86)\\Common Files\\Acronis\\SnapAPI\\;C:\\Program Files (x86)\\Skype\\Phone\\;C:\\Program Files (x86)\\AnonVPN\\bin;C:\\Program Files (x86)\\Common Files\\Acronis\\TibMounter64'
    'SystemRoot' => 'C:\\WINDOWS'
    'COMSPEC' => 'C:\\WINDOWS\\system32\\cmd.exe'
    'PATHEXT' => '.COM;.EXE;.BAT;.CMD;.VBS;.VBE;.JS;.JSE;.WSF;.WSH;.MSC'
    'WINDIR' => 'C:\\WINDOWS'
    'SERVER_SIGNATURE' => '<address>Apache/2.4.7 (Win32) OpenSSL/1.0.1e PHP/5.5.6 Server at localhost Port 80</address>
'
    'SERVER_SOFTWARE' => 'Apache/2.4.7 (Win32) OpenSSL/1.0.1e PHP/5.5.6'
    'SERVER_NAME' => 'localhost'
    'SERVER_ADDR' => '::1'
    'SERVER_PORT' => '80'
    'REMOTE_ADDR' => '::1'
    'DOCUMENT_ROOT' => 'D:/xampp/htdocs'
    'REQUEST_SCHEME' => 'http'
    'CONTEXT_PREFIX' => ''
    'CONTEXT_DOCUMENT_ROOT' => 'D:/xampp/htdocs'
    'SERVER_ADMIN' => 'postmaster@localhost'
    'SCRIPT_FILENAME' => 'D:/xampp/htdocs/o2cm/frontend/web/index.php'
    'REMOTE_PORT' => '59591'
    'GATEWAY_INTERFACE' => 'CGI/1.1'
    'SERVER_PROTOCOL' => 'HTTP/1.1'
    'REQUEST_METHOD' => 'GET'
    'QUERY_STRING' => 'r=carfinance'
    'REQUEST_URI' => '/o2cm/frontend/web/index.php?r=carfinance'
    'SCRIPT_NAME' => '/o2cm/frontend/web/index.php'
    'PHP_SELF' => '/o2cm/frontend/web/index.php'
    'REQUEST_TIME_FLOAT' => 1451541178.323
    'REQUEST_TIME' => 1451541178
]
2015-12-31 10:44:29 [::1][-][-][error][yii\i18n\PhpMessageSource::loadMessages] The message file for category 'fhub' does not exist: ../../common/messages/en/fhub.php
    in D:\xampp\htdocs\clang\frontend\controllers\CarfinanceController.php:107
2015-12-31 10:44:27 [::1][-][-][info][application] $_GET = [
    'r' => 'carfinance'
]

$_COOKIE = [
    '_ga' => 'GA1.1.1178769069.1449721443'
]

$_SERVER = [
    'MIBDIRS' => 'D:/xampp/php/extras/mibs'
    'MYSQL_HOME' => '\\xampp\\mysql\\bin'
    'OPENSSL_CONF' => 'D:/xampp/apache/bin/openssl.cnf'
    'PHP_PEAR_SYSCONF_DIR' => '\\xampp\\php'
    'PHPRC' => '\\xampp\\php'
    'TMP' => '\\xampp\\tmp'
    'HTTP_HOST' => 'localhost'
    'HTTP_CONNECTION' => 'keep-alive'
    'HTTP_CACHE_CONTROL' => 'max-age=0'
    'HTTP_ACCEPT' => 'text/html,application/xhtml+xml,application/xml;q=0.9,image/webp,*/*;q=0.8'
    'HTTP_UPGRADE_INSECURE_REQUESTS' => '1'
    'HTTP_USER_AGENT' => 'Mozilla/5.0 (Windows NT 6.3; WOW64) AppleWebKit/537.36 (KHTML, like Gecko) Chrome/47.0.2526.106 Safari/537.36'
    'HTTP_ACCEPT_ENCODING' => 'gzip, deflate, sdch'
    'HTTP_ACCEPT_LANGUAGE' => 'en-US,en;q=0.8,pt;q=0.6'
    'HTTP_COOKIE' => '_ga=GA1.1.1178769069.1449721443'
    'PATH' => 'C:\\ProgramData\\Oracle\\Java\\javapath;c:\\Program Files (x86)\\AMD APP\\bin\\x86_64;c:\\Program Files (x86)\\AMD APP\\bin\\x86;C:\\WINDOWS\\system32;C:\\WINDOWS;C:\\WINDOWS\\System32\\Wbem;C:\\WINDOWS\\System32\\WindowsPowerShell\\v1.0\\;c:\\Program Files (x86)\\ATI Technologies\\ATI.ACE\\Core-Static;D:\\xampp\\php;C:\\ProgramData\\ComposerSetup\\bin;C:\\Program Files (x86)\\Common Files\\Acronis\\SnapAPI\\;C:\\Program Files (x86)\\Skype\\Phone\\;C:\\Program Files (x86)\\AnonVPN\\bin;C:\\Program Files (x86)\\Common Files\\Acronis\\TibMounter64'
    'SystemRoot' => 'C:\\WINDOWS'
    'COMSPEC' => 'C:\\WINDOWS\\system32\\cmd.exe'
    'PATHEXT' => '.COM;.EXE;.BAT;.CMD;.VBS;.VBE;.JS;.JSE;.WSF;.WSH;.MSC'
    'WINDIR' => 'C:\\WINDOWS'
    'SERVER_SIGNATURE' => '<address>Apache/2.4.7 (Win32) OpenSSL/1.0.1e PHP/5.5.6 Server at localhost Port 80</address>
'
    'SERVER_SOFTWARE' => 'Apache/2.4.7 (Win32) OpenSSL/1.0.1e PHP/5.5.6'
    'SERVER_NAME' => 'localhost'
    'SERVER_ADDR' => '::1'
    'SERVER_PORT' => '80'
    'REMOTE_ADDR' => '::1'
    'DOCUMENT_ROOT' => 'D:/xampp/htdocs'
    'REQUEST_SCHEME' => 'http'
    'CONTEXT_PREFIX' => ''
    'CONTEXT_DOCUMENT_ROOT' => 'D:/xampp/htdocs'
    'SERVER_ADMIN' => 'postmaster@localhost'
    'SCRIPT_FILENAME' => 'D:/xampp/htdocs/o2cm/frontend/web/index.php'
    'REMOTE_PORT' => '60814'
    'GATEWAY_INTERFACE' => 'CGI/1.1'
    'SERVER_PROTOCOL' => 'HTTP/1.1'
    'REQUEST_METHOD' => 'GET'
    'QUERY_STRING' => 'r=carfinance'
    'REQUEST_URI' => '/o2cm/frontend/web/index.php?r=carfinance'
    'SCRIPT_NAME' => '/o2cm/frontend/web/index.php'
    'PHP_SELF' => '/o2cm/frontend/web/index.php'
    'REQUEST_TIME_FLOAT' => 1451555067.824
    'REQUEST_TIME' => 1451555067
]
2015-12-31 11:47:15 [127.0.0.1][-][-][error][yii\i18n\PhpMessageSource::loadMessages] The message file for category 'fhub' does not exist: ../../common/messages/en/fhub.php
    in D:\xampp\htdocs\clang\frontend\controllers\CarfinanceController.php:107
2015-12-31 11:47:13 [127.0.0.1][-][-][info][application] $_GET = [
    'r' => 'carfinance'
]

$_COOKIE = [
    '_ga' => 'GA1.1.1612031165.1450086215'
]

$_SERVER = [
    'MIBDIRS' => 'D:/xampp/php/extras/mibs'
    'MYSQL_HOME' => '\\xampp\\mysql\\bin'
    'OPENSSL_CONF' => 'D:/xampp/apache/bin/openssl.cnf'
    'PHP_PEAR_SYSCONF_DIR' => '\\xampp\\php'
    'PHPRC' => '\\xampp\\php'
    'TMP' => '\\xampp\\tmp'
    'HTTP_USER_AGENT' => 'Opera/9.80 (Android 2.3.7; Linux; Opera Mobi/46154) Presto/2.11.355 Version/12.10'
    'HTTP_HOST' => 'localhost'
    'HTTP_ACCEPT' => 'text/html, application/xml;q=0.9, application/xhtml+xml, multipart/mixed, image/png, image/webp, image/jpeg, image/gif, image/x-xbitmap, */*;q=0.1'
    'HTTP_ACCEPT_LANGUAGE' => 'en-GB,en;q=0.9'
    'HTTP_ACCEPT_ENCODING' => 'gzip, deflate'
    'HTTP_COOKIE' => '_ga=GA1.1.1612031165.1450086215'
    'HTTP_CONNECTION' => 'Keep-Alive'
    'HTTP_X_EBO_UA' => 'BID=1.3.0, BCReq=0BC5B122800F8B8DA93EE271E2D65D00'
    'HTTP_DEVICE_STOCK_UA' => 'Opera Mobile Emulator (no stock UA available)'
    'PATH' => 'C:\\ProgramData\\Oracle\\Java\\javapath;c:\\Program Files (x86)\\AMD APP\\bin\\x86_64;c:\\Program Files (x86)\\AMD APP\\bin\\x86;C:\\WINDOWS\\system32;C:\\WINDOWS;C:\\WINDOWS\\System32\\Wbem;C:\\WINDOWS\\System32\\WindowsPowerShell\\v1.0\\;c:\\Program Files (x86)\\ATI Technologies\\ATI.ACE\\Core-Static;D:\\xampp\\php;C:\\ProgramData\\ComposerSetup\\bin;C:\\Program Files (x86)\\Common Files\\Acronis\\SnapAPI\\;C:\\Program Files (x86)\\Skype\\Phone\\;C:\\Program Files (x86)\\AnonVPN\\bin;C:\\Program Files (x86)\\Common Files\\Acronis\\TibMounter64'
    'SystemRoot' => 'C:\\WINDOWS'
    'COMSPEC' => 'C:\\WINDOWS\\system32\\cmd.exe'
    'PATHEXT' => '.COM;.EXE;.BAT;.CMD;.VBS;.VBE;.JS;.JSE;.WSF;.WSH;.MSC'
    'WINDIR' => 'C:\\WINDOWS'
    'SERVER_SIGNATURE' => '<address>Apache/2.4.7 (Win32) OpenSSL/1.0.1e PHP/5.5.6 Server at localhost Port 80</address>
'
    'SERVER_SOFTWARE' => 'Apache/2.4.7 (Win32) OpenSSL/1.0.1e PHP/5.5.6'
    'SERVER_NAME' => 'localhost'
    'SERVER_ADDR' => '127.0.0.1'
    'SERVER_PORT' => '80'
    'REMOTE_ADDR' => '127.0.0.1'
    'DOCUMENT_ROOT' => 'D:/xampp/htdocs'
    'REQUEST_SCHEME' => 'http'
    'CONTEXT_PREFIX' => ''
    'CONTEXT_DOCUMENT_ROOT' => 'D:/xampp/htdocs'
    'SERVER_ADMIN' => 'postmaster@localhost'
    'SCRIPT_FILENAME' => 'D:/xampp/htdocs/o2cm/frontend/web/index.php'
    'REMOTE_PORT' => '61732'
    'GATEWAY_INTERFACE' => 'CGI/1.1'
    'SERVER_PROTOCOL' => 'HTTP/1.1'
    'REQUEST_METHOD' => 'GET'
    'QUERY_STRING' => 'r=carfinance'
    'REQUEST_URI' => '/o2cm/frontend/web/index.php?r=carfinance'
    'SCRIPT_NAME' => '/o2cm/frontend/web/index.php'
    'PHP_SELF' => '/o2cm/frontend/web/index.php'
    'REQUEST_TIME_FLOAT' => 1451558833.735
    'REQUEST_TIME' => 1451558833
]
2015-12-31 17:05:27 [127.0.0.1][-][-][error][yii\i18n\PhpMessageSource::loadMessages] The message file for category 'fhub' does not exist: ../../common/messages/en/fhub.php
    in D:\xampp\htdocs\clang\frontend\controllers\CarfinanceController.php:107
2015-12-31 17:05:26 [127.0.0.1][-][-][info][application] $_GET = [
    'r' => 'carfinance'
]

$_COOKIE = [
    '_ga' => 'GA1.1.1612031165.1450086215'
]

$_SERVER = [
    'MIBDIRS' => 'D:/xampp/php/extras/mibs'
    'MYSQL_HOME' => '\\xampp\\mysql\\bin'
    'OPENSSL_CONF' => 'D:/xampp/apache/bin/openssl.cnf'
    'PHP_PEAR_SYSCONF_DIR' => '\\xampp\\php'
    'PHPRC' => '\\xampp\\php'
    'TMP' => '\\xampp\\tmp'
    'HTTP_USER_AGENT' => 'Opera/9.80 (Android 2.3.7; Linux; Opera Mobi/46154) Presto/2.11.355 Version/12.10'
    'HTTP_HOST' => 'localhost'
    'HTTP_ACCEPT' => 'text/html, application/xml;q=0.9, application/xhtml+xml, multipart/mixed, image/png, image/webp, image/jpeg, image/gif, image/x-xbitmap, */*;q=0.1'
    'HTTP_ACCEPT_LANGUAGE' => 'en-GB,en;q=0.9'
    'HTTP_ACCEPT_ENCODING' => 'gzip, deflate'
    'HTTP_COOKIE' => '_ga=GA1.1.1612031165.1450086215'
    'HTTP_CONNECTION' => 'Keep-Alive'
    'HTTP_X_EBO_UA' => 'BID=1.3.0, BCReq=5FBDFDA8CB00E8F5816F734E8AA2FD7E'
    'HTTP_DEVICE_STOCK_UA' => 'Opera Mobile Emulator (no stock UA available)'
    'PATH' => 'C:\\ProgramData\\Oracle\\Java\\javapath;c:\\Program Files (x86)\\AMD APP\\bin\\x86_64;c:\\Program Files (x86)\\AMD APP\\bin\\x86;C:\\WINDOWS\\system32;C:\\WINDOWS;C:\\WINDOWS\\System32\\Wbem;C:\\WINDOWS\\System32\\WindowsPowerShell\\v1.0\\;c:\\Program Files (x86)\\ATI Technologies\\ATI.ACE\\Core-Static;D:\\xampp\\php;C:\\ProgramData\\ComposerSetup\\bin;C:\\Program Files (x86)\\Common Files\\Acronis\\SnapAPI\\;C:\\Program Files (x86)\\Skype\\Phone\\;C:\\Program Files (x86)\\AnonVPN\\bin;C:\\Program Files (x86)\\Common Files\\Acronis\\TibMounter64'
    'SystemRoot' => 'C:\\WINDOWS'
    'COMSPEC' => 'C:\\WINDOWS\\system32\\cmd.exe'
    'PATHEXT' => '.COM;.EXE;.BAT;.CMD;.VBS;.VBE;.JS;.JSE;.WSF;.WSH;.MSC'
    'WINDIR' => 'C:\\WINDOWS'
    'SERVER_SIGNATURE' => '<address>Apache/2.4.7 (Win32) OpenSSL/1.0.1e PHP/5.5.6 Server at localhost Port 80</address>
'
    'SERVER_SOFTWARE' => 'Apache/2.4.7 (Win32) OpenSSL/1.0.1e PHP/5.5.6'
    'SERVER_NAME' => 'localhost'
    'SERVER_ADDR' => '127.0.0.1'
    'SERVER_PORT' => '80'
    'REMOTE_ADDR' => '127.0.0.1'
    'DOCUMENT_ROOT' => 'D:/xampp/htdocs'
    'REQUEST_SCHEME' => 'http'
    'CONTEXT_PREFIX' => ''
    'CONTEXT_DOCUMENT_ROOT' => 'D:/xampp/htdocs'
    'SERVER_ADMIN' => 'postmaster@localhost'
    'SCRIPT_FILENAME' => 'D:/xampp/htdocs/o2cm/frontend/web/index.php'
    'REMOTE_PORT' => '62556'
    'GATEWAY_INTERFACE' => 'CGI/1.1'
    'SERVER_PROTOCOL' => 'HTTP/1.1'
    'REQUEST_METHOD' => 'GET'
    'QUERY_STRING' => 'r=carfinance'
    'REQUEST_URI' => '/o2cm/frontend/web/index.php?r=carfinance'
    'SCRIPT_NAME' => '/o2cm/frontend/web/index.php'
    'PHP_SELF' => '/o2cm/frontend/web/index.php'
    'REQUEST_TIME_FLOAT' => 1451577926.421
    'REQUEST_TIME' => 1451577926
]
2015-12-31 17:18:37 [127.0.0.1][-][-][error][yii\i18n\PhpMessageSource::loadMessages] The message file for category 'fhub' does not exist: ../../common/messages/en/fhub.php
    in D:\xampp\htdocs\clang\frontend\controllers\CarfinanceController.php:107
2015-12-31 17:18:35 [127.0.0.1][-][-][info][application] $_GET = [
    'r' => 'carfinance'
]

$_COOKIE = [
    '_ga' => 'GA1.1.1612031165.1450086215'
]

$_SERVER = [
    'MIBDIRS' => 'D:/xampp/php/extras/mibs'
    'MYSQL_HOME' => '\\xampp\\mysql\\bin'
    'OPENSSL_CONF' => 'D:/xampp/apache/bin/openssl.cnf'
    'PHP_PEAR_SYSCONF_DIR' => '\\xampp\\php'
    'PHPRC' => '\\xampp\\php'
    'TMP' => '\\xampp\\tmp'
    'HTTP_USER_AGENT' => 'Opera/9.80 (Android 2.3.7; Linux; Opera Mobi/46154) Presto/2.11.355 Version/12.10'
    'HTTP_HOST' => 'localhost'
    'HTTP_ACCEPT' => 'text/html, application/xml;q=0.9, application/xhtml+xml, multipart/mixed, image/png, image/webp, image/jpeg, image/gif, image/x-xbitmap, */*;q=0.1'
    'HTTP_ACCEPT_LANGUAGE' => 'en-GB,en;q=0.9'
    'HTTP_ACCEPT_ENCODING' => 'gzip, deflate'
    'HTTP_COOKIE' => '_ga=GA1.1.1612031165.1450086215'
    'HTTP_CONNECTION' => 'Keep-Alive'
    'HTTP_X_EBO_UA' => 'BID=1.3.0, BCReq=F01B5C34411FBFE1590D3070418AE95D'
    'HTTP_DEVICE_STOCK_UA' => 'Opera Mobile Emulator (no stock UA available)'
    'PATH' => 'C:\\ProgramData\\Oracle\\Java\\javapath;c:\\Program Files (x86)\\AMD APP\\bin\\x86_64;c:\\Program Files (x86)\\AMD APP\\bin\\x86;C:\\WINDOWS\\system32;C:\\WINDOWS;C:\\WINDOWS\\System32\\Wbem;C:\\WINDOWS\\System32\\WindowsPowerShell\\v1.0\\;c:\\Program Files (x86)\\ATI Technologies\\ATI.ACE\\Core-Static;D:\\xampp\\php;C:\\ProgramData\\ComposerSetup\\bin;C:\\Program Files (x86)\\Common Files\\Acronis\\SnapAPI\\;C:\\Program Files (x86)\\Skype\\Phone\\;C:\\Program Files (x86)\\AnonVPN\\bin;C:\\Program Files (x86)\\Common Files\\Acronis\\TibMounter64'
    'SystemRoot' => 'C:\\WINDOWS'
    'COMSPEC' => 'C:\\WINDOWS\\system32\\cmd.exe'
    'PATHEXT' => '.COM;.EXE;.BAT;.CMD;.VBS;.VBE;.JS;.JSE;.WSF;.WSH;.MSC'
    'WINDIR' => 'C:\\WINDOWS'
    'SERVER_SIGNATURE' => '<address>Apache/2.4.7 (Win32) OpenSSL/1.0.1e PHP/5.5.6 Server at localhost Port 80</address>
'
    'SERVER_SOFTWARE' => 'Apache/2.4.7 (Win32) OpenSSL/1.0.1e PHP/5.5.6'
    'SERVER_NAME' => 'localhost'
    'SERVER_ADDR' => '127.0.0.1'
    'SERVER_PORT' => '80'
    'REMOTE_ADDR' => '127.0.0.1'
    'DOCUMENT_ROOT' => 'D:/xampp/htdocs'
    'REQUEST_SCHEME' => 'http'
    'CONTEXT_PREFIX' => ''
    'CONTEXT_DOCUMENT_ROOT' => 'D:/xampp/htdocs'
    'SERVER_ADMIN' => 'postmaster@localhost'
    'SCRIPT_FILENAME' => 'D:/xampp/htdocs/o2cm/frontend/web/index.php'
    'REMOTE_PORT' => '62672'
    'GATEWAY_INTERFACE' => 'CGI/1.1'
    'SERVER_PROTOCOL' => 'HTTP/1.1'
    'REQUEST_METHOD' => 'GET'
    'QUERY_STRING' => 'r=carfinance'
    'REQUEST_URI' => '/o2cm/frontend/web/index.php?r=carfinance'
    'SCRIPT_NAME' => '/o2cm/frontend/web/index.php'
    'PHP_SELF' => '/o2cm/frontend/web/index.php'
    'REQUEST_TIME_FLOAT' => 1451578715.499
    'REQUEST_TIME' => 1451578715
]
2015-12-31 18:23:48 [127.0.0.1][-][-][error][yii\i18n\PhpMessageSource::loadMessages] The message file for category 'fhub' does not exist: ../../common/messages/en/fhub.php
    in D:\xampp\htdocs\clang\frontend\controllers\CarfinanceController.php:107
2015-12-31 18:23:46 [127.0.0.1][-][-][info][application] $_GET = [
    'r' => 'carfinance'
]

$_COOKIE = [
    '_ga' => 'GA1.1.1612031165.1450086215'
]

$_SERVER = [
    'MIBDIRS' => 'D:/xampp/php/extras/mibs'
    'MYSQL_HOME' => '\\xampp\\mysql\\bin'
    'OPENSSL_CONF' => 'D:/xampp/apache/bin/openssl.cnf'
    'PHP_PEAR_SYSCONF_DIR' => '\\xampp\\php'
    'PHPRC' => '\\xampp\\php'
    'TMP' => '\\xampp\\tmp'
    'HTTP_USER_AGENT' => 'Opera/9.80 (Android 2.3.7; Linux; Opera Mobi/46154) Presto/2.11.355 Version/12.10'
    'HTTP_HOST' => 'localhost'
    'HTTP_ACCEPT' => 'text/html, application/xml;q=0.9, application/xhtml+xml, multipart/mixed, image/png, image/webp, image/jpeg, image/gif, image/x-xbitmap, */*;q=0.1'
    'HTTP_ACCEPT_LANGUAGE' => 'en-GB,en;q=0.9'
    'HTTP_ACCEPT_ENCODING' => 'gzip, deflate'
    'HTTP_COOKIE' => '_ga=GA1.1.1612031165.1450086215'
    'HTTP_CACHE_CONTROL' => 'no-cache'
    'HTTP_CONNECTION' => 'Keep-Alive'
    'HTTP_X_EBO_UA' => 'BID=1.3.0, BCReq=DAE5B97468AA7CEEE9F680829F9F9ACC'
    'HTTP_DEVICE_STOCK_UA' => 'Opera Mobile Emulator (no stock UA available)'
    'PATH' => 'C:\\ProgramData\\Oracle\\Java\\javapath;c:\\Program Files (x86)\\AMD APP\\bin\\x86_64;c:\\Program Files (x86)\\AMD APP\\bin\\x86;C:\\WINDOWS\\system32;C:\\WINDOWS;C:\\WINDOWS\\System32\\Wbem;C:\\WINDOWS\\System32\\WindowsPowerShell\\v1.0\\;c:\\Program Files (x86)\\ATI Technologies\\ATI.ACE\\Core-Static;D:\\xampp\\php;C:\\ProgramData\\ComposerSetup\\bin;C:\\Program Files (x86)\\Common Files\\Acronis\\SnapAPI\\;C:\\Program Files (x86)\\Skype\\Phone\\;C:\\Program Files (x86)\\AnonVPN\\bin;C:\\Program Files (x86)\\Common Files\\Acronis\\TibMounter64'
    'SystemRoot' => 'C:\\WINDOWS'
    'COMSPEC' => 'C:\\WINDOWS\\system32\\cmd.exe'
    'PATHEXT' => '.COM;.EXE;.BAT;.CMD;.VBS;.VBE;.JS;.JSE;.WSF;.WSH;.MSC'
    'WINDIR' => 'C:\\WINDOWS'
    'SERVER_SIGNATURE' => '<address>Apache/2.4.7 (Win32) OpenSSL/1.0.1e PHP/5.5.6 Server at localhost Port 80</address>
'
    'SERVER_SOFTWARE' => 'Apache/2.4.7 (Win32) OpenSSL/1.0.1e PHP/5.5.6'
    'SERVER_NAME' => 'localhost'
    'SERVER_ADDR' => '127.0.0.1'
    'SERVER_PORT' => '80'
    'REMOTE_ADDR' => '127.0.0.1'
    'DOCUMENT_ROOT' => 'D:/xampp/htdocs'
    'REQUEST_SCHEME' => 'http'
    'CONTEXT_PREFIX' => ''
    'CONTEXT_DOCUMENT_ROOT' => 'D:/xampp/htdocs'
    'SERVER_ADMIN' => 'postmaster@localhost'
    'SCRIPT_FILENAME' => 'D:/xampp/htdocs/o2cm/frontend/web/index.php'
    'REMOTE_PORT' => '63238'
    'GATEWAY_INTERFACE' => 'CGI/1.1'
    'SERVER_PROTOCOL' => 'HTTP/1.1'
    'REQUEST_METHOD' => 'GET'
    'QUERY_STRING' => 'r=carfinance'
    'REQUEST_URI' => '/o2cm/frontend/web/index.php?r=carfinance'
    'SCRIPT_NAME' => '/o2cm/frontend/web/index.php'
    'PHP_SELF' => '/o2cm/frontend/web/index.php'
    'REQUEST_TIME_FLOAT' => 1451582626.659
    'REQUEST_TIME' => 1451582626
]
2015-12-31 18:28:14 [127.0.0.1][-][-][error][yii\i18n\PhpMessageSource::loadMessages] The message file for category 'fhub' does not exist: ../../common/messages/en/fhub.php
    in D:\xampp\htdocs\clang\frontend\controllers\CarfinanceController.php:107
2015-12-31 18:28:13 [127.0.0.1][-][-][info][application] $_GET = [
    'r' => 'carfinance'
]

$_COOKIE = [
    '_ga' => 'GA1.1.1612031165.1450086215'
]

$_SERVER = [
    'MIBDIRS' => 'D:/xampp/php/extras/mibs'
    'MYSQL_HOME' => '\\xampp\\mysql\\bin'
    'OPENSSL_CONF' => 'D:/xampp/apache/bin/openssl.cnf'
    'PHP_PEAR_SYSCONF_DIR' => '\\xampp\\php'
    'PHPRC' => '\\xampp\\php'
    'TMP' => '\\xampp\\tmp'
    'HTTP_USER_AGENT' => 'Opera/9.80 (Android 2.3.7; Linux; Opera Mobi/46154) Presto/2.11.355 Version/12.10'
    'HTTP_HOST' => 'localhost'
    'HTTP_ACCEPT' => 'text/html, application/xml;q=0.9, application/xhtml+xml, multipart/mixed, image/png, image/webp, image/jpeg, image/gif, image/x-xbitmap, */*;q=0.1'
    'HTTP_ACCEPT_LANGUAGE' => 'en-GB,en;q=0.9'
    'HTTP_ACCEPT_ENCODING' => 'gzip, deflate'
    'HTTP_COOKIE' => '_ga=GA1.1.1612031165.1450086215'
    'HTTP_CACHE_CONTROL' => 'no-cache'
    'HTTP_CONNECTION' => 'Keep-Alive'
    'HTTP_X_EBO_UA' => 'BID=1.3.0, BCReq=50D75B251509FDDF6B170B6B8E54CA95'
    'HTTP_DEVICE_STOCK_UA' => 'Opera Mobile Emulator (no stock UA available)'
    'PATH' => 'C:\\ProgramData\\Oracle\\Java\\javapath;c:\\Program Files (x86)\\AMD APP\\bin\\x86_64;c:\\Program Files (x86)\\AMD APP\\bin\\x86;C:\\WINDOWS\\system32;C:\\WINDOWS;C:\\WINDOWS\\System32\\Wbem;C:\\WINDOWS\\System32\\WindowsPowerShell\\v1.0\\;c:\\Program Files (x86)\\ATI Technologies\\ATI.ACE\\Core-Static;D:\\xampp\\php;C:\\ProgramData\\ComposerSetup\\bin;C:\\Program Files (x86)\\Common Files\\Acronis\\SnapAPI\\;C:\\Program Files (x86)\\Skype\\Phone\\;C:\\Program Files (x86)\\AnonVPN\\bin;C:\\Program Files (x86)\\Common Files\\Acronis\\TibMounter64'
    'SystemRoot' => 'C:\\WINDOWS'
    'COMSPEC' => 'C:\\WINDOWS\\system32\\cmd.exe'
    'PATHEXT' => '.COM;.EXE;.BAT;.CMD;.VBS;.VBE;.JS;.JSE;.WSF;.WSH;.MSC'
    'WINDIR' => 'C:\\WINDOWS'
    'SERVER_SIGNATURE' => '<address>Apache/2.4.7 (Win32) OpenSSL/1.0.1e PHP/5.5.6 Server at localhost Port 80</address>
'
    'SERVER_SOFTWARE' => 'Apache/2.4.7 (Win32) OpenSSL/1.0.1e PHP/5.5.6'
    'SERVER_NAME' => 'localhost'
    'SERVER_ADDR' => '127.0.0.1'
    'SERVER_PORT' => '80'
    'REMOTE_ADDR' => '127.0.0.1'
    'DOCUMENT_ROOT' => 'D:/xampp/htdocs'
    'REQUEST_SCHEME' => 'http'
    'CONTEXT_PREFIX' => ''
    'CONTEXT_DOCUMENT_ROOT' => 'D:/xampp/htdocs'
    'SERVER_ADMIN' => 'postmaster@localhost'
    'SCRIPT_FILENAME' => 'D:/xampp/htdocs/o2cm/frontend/web/index.php'
    'REMOTE_PORT' => '63280'
    'GATEWAY_INTERFACE' => 'CGI/1.1'
    'SERVER_PROTOCOL' => 'HTTP/1.1'
    'REQUEST_METHOD' => 'GET'
    'QUERY_STRING' => 'r=carfinance'
    'REQUEST_URI' => '/o2cm/frontend/web/index.php?r=carfinance'
    'SCRIPT_NAME' => '/o2cm/frontend/web/index.php'
    'PHP_SELF' => '/o2cm/frontend/web/index.php'
    'REQUEST_TIME_FLOAT' => 1451582893.021
    'REQUEST_TIME' => 1451582893
]
2015-12-31 18:35:44 [127.0.0.1][-][-][error][yii\i18n\PhpMessageSource::loadMessages] The message file for category 'fhub' does not exist: ../../common/messages/en/fhub.php
    in D:\xampp\htdocs\clang\frontend\controllers\CarfinanceController.php:107
2015-12-31 18:35:42 [127.0.0.1][-][-][info][application] $_GET = [
    'r' => 'carfinance'
]

$_COOKIE = [
    '_ga' => 'GA1.1.1612031165.1450086215'
]

$_SERVER = [
    'MIBDIRS' => 'D:/xampp/php/extras/mibs'
    'MYSQL_HOME' => '\\xampp\\mysql\\bin'
    'OPENSSL_CONF' => 'D:/xampp/apache/bin/openssl.cnf'
    'PHP_PEAR_SYSCONF_DIR' => '\\xampp\\php'
    'PHPRC' => '\\xampp\\php'
    'TMP' => '\\xampp\\tmp'
    'HTTP_USER_AGENT' => 'Opera/9.80 (Android 2.3.7; Linux; Opera Mobi/46154) Presto/2.11.355 Version/12.10'
    'HTTP_HOST' => 'localhost'
    'HTTP_ACCEPT' => 'text/html, application/xml;q=0.9, application/xhtml+xml, multipart/mixed, image/png, image/webp, image/jpeg, image/gif, image/x-xbitmap, */*;q=0.1'
    'HTTP_ACCEPT_LANGUAGE' => 'en-GB,en;q=0.9'
    'HTTP_ACCEPT_ENCODING' => 'gzip, deflate'
    'HTTP_COOKIE' => '_ga=GA1.1.1612031165.1450086215'
    'HTTP_CACHE_CONTROL' => 'no-cache'
    'HTTP_CONNECTION' => 'Keep-Alive'
    'HTTP_X_EBO_UA' => 'BID=1.3.0, BCReq=CD63D02115F4AD2AF3DA7AAFC02E47F7'
    'HTTP_DEVICE_STOCK_UA' => 'Opera Mobile Emulator (no stock UA available)'
    'PATH' => 'C:\\ProgramData\\Oracle\\Java\\javapath;c:\\Program Files (x86)\\AMD APP\\bin\\x86_64;c:\\Program Files (x86)\\AMD APP\\bin\\x86;C:\\WINDOWS\\system32;C:\\WINDOWS;C:\\WINDOWS\\System32\\Wbem;C:\\WINDOWS\\System32\\WindowsPowerShell\\v1.0\\;c:\\Program Files (x86)\\ATI Technologies\\ATI.ACE\\Core-Static;D:\\xampp\\php;C:\\ProgramData\\ComposerSetup\\bin;C:\\Program Files (x86)\\Common Files\\Acronis\\SnapAPI\\;C:\\Program Files (x86)\\Skype\\Phone\\;C:\\Program Files (x86)\\AnonVPN\\bin;C:\\Program Files (x86)\\Common Files\\Acronis\\TibMounter64'
    'SystemRoot' => 'C:\\WINDOWS'
    'COMSPEC' => 'C:\\WINDOWS\\system32\\cmd.exe'
    'PATHEXT' => '.COM;.EXE;.BAT;.CMD;.VBS;.VBE;.JS;.JSE;.WSF;.WSH;.MSC'
    'WINDIR' => 'C:\\WINDOWS'
    'SERVER_SIGNATURE' => '<address>Apache/2.4.7 (Win32) OpenSSL/1.0.1e PHP/5.5.6 Server at localhost Port 80</address>
'
    'SERVER_SOFTWARE' => 'Apache/2.4.7 (Win32) OpenSSL/1.0.1e PHP/5.5.6'
    'SERVER_NAME' => 'localhost'
    'SERVER_ADDR' => '127.0.0.1'
    'SERVER_PORT' => '80'
    'REMOTE_ADDR' => '127.0.0.1'
    'DOCUMENT_ROOT' => 'D:/xampp/htdocs'
    'REQUEST_SCHEME' => 'http'
    'CONTEXT_PREFIX' => ''
    'CONTEXT_DOCUMENT_ROOT' => 'D:/xampp/htdocs'
    'SERVER_ADMIN' => 'postmaster@localhost'
    'SCRIPT_FILENAME' => 'D:/xampp/htdocs/o2cm/frontend/web/index.php'
    'REMOTE_PORT' => '63438'
    'GATEWAY_INTERFACE' => 'CGI/1.1'
    'SERVER_PROTOCOL' => 'HTTP/1.1'
    'REQUEST_METHOD' => 'GET'
    'QUERY_STRING' => 'r=carfinance'
    'REQUEST_URI' => '/o2cm/frontend/web/index.php?r=carfinance'
    'SCRIPT_NAME' => '/o2cm/frontend/web/index.php'
    'PHP_SELF' => '/o2cm/frontend/web/index.php'
    'REQUEST_TIME_FLOAT' => 1451583342.02
    'REQUEST_TIME' => 1451583342
]
2015-12-31 18:39:38 [127.0.0.1][-][-][error][yii\i18n\PhpMessageSource::loadMessages] The message file for category 'fhub' does not exist: ../../common/messages/en/fhub.php
    in D:\xampp\htdocs\clang\frontend\controllers\CarfinanceController.php:107
2015-12-31 18:39:36 [127.0.0.1][-][-][info][application] $_GET = [
    'r' => 'carfinance'
]

$_COOKIE = [
    '_ga' => 'GA1.1.1612031165.1450086215'
]

$_SERVER = [
    'MIBDIRS' => 'D:/xampp/php/extras/mibs'
    'MYSQL_HOME' => '\\xampp\\mysql\\bin'
    'OPENSSL_CONF' => 'D:/xampp/apache/bin/openssl.cnf'
    'PHP_PEAR_SYSCONF_DIR' => '\\xampp\\php'
    'PHPRC' => '\\xampp\\php'
    'TMP' => '\\xampp\\tmp'
    'HTTP_USER_AGENT' => 'Opera/9.80 (Android 2.3.7; Linux; Opera Mobi/46154) Presto/2.11.355 Version/12.10'
    'HTTP_HOST' => 'localhost'
    'HTTP_ACCEPT' => 'text/html, application/xml;q=0.9, application/xhtml+xml, multipart/mixed, image/png, image/webp, image/jpeg, image/gif, image/x-xbitmap, */*;q=0.1'
    'HTTP_ACCEPT_LANGUAGE' => 'en-GB,en;q=0.9'
    'HTTP_ACCEPT_ENCODING' => 'gzip, deflate'
    'HTTP_COOKIE' => '_ga=GA1.1.1612031165.1450086215'
    'HTTP_CACHE_CONTROL' => 'no-cache'
    'HTTP_CONNECTION' => 'Keep-Alive'
    'HTTP_X_EBO_UA' => 'BID=1.3.0, BCReq=8896C5F7716A49FE0462CE4C9A8AF6DF'
    'HTTP_DEVICE_STOCK_UA' => 'Opera Mobile Emulator (no stock UA available)'
    'PATH' => 'C:\\ProgramData\\Oracle\\Java\\javapath;c:\\Program Files (x86)\\AMD APP\\bin\\x86_64;c:\\Program Files (x86)\\AMD APP\\bin\\x86;C:\\WINDOWS\\system32;C:\\WINDOWS;C:\\WINDOWS\\System32\\Wbem;C:\\WINDOWS\\System32\\WindowsPowerShell\\v1.0\\;c:\\Program Files (x86)\\ATI Technologies\\ATI.ACE\\Core-Static;D:\\xampp\\php;C:\\ProgramData\\ComposerSetup\\bin;C:\\Program Files (x86)\\Common Files\\Acronis\\SnapAPI\\;C:\\Program Files (x86)\\Skype\\Phone\\;C:\\Program Files (x86)\\AnonVPN\\bin;C:\\Program Files (x86)\\Common Files\\Acronis\\TibMounter64'
    'SystemRoot' => 'C:\\WINDOWS'
    'COMSPEC' => 'C:\\WINDOWS\\system32\\cmd.exe'
    'PATHEXT' => '.COM;.EXE;.BAT;.CMD;.VBS;.VBE;.JS;.JSE;.WSF;.WSH;.MSC'
    'WINDIR' => 'C:\\WINDOWS'
    'SERVER_SIGNATURE' => '<address>Apache/2.4.7 (Win32) OpenSSL/1.0.1e PHP/5.5.6 Server at localhost Port 80</address>
'
    'SERVER_SOFTWARE' => 'Apache/2.4.7 (Win32) OpenSSL/1.0.1e PHP/5.5.6'
    'SERVER_NAME' => 'localhost'
    'SERVER_ADDR' => '127.0.0.1'
    'SERVER_PORT' => '80'
    'REMOTE_ADDR' => '127.0.0.1'
    'DOCUMENT_ROOT' => 'D:/xampp/htdocs'
    'REQUEST_SCHEME' => 'http'
    'CONTEXT_PREFIX' => ''
    'CONTEXT_DOCUMENT_ROOT' => 'D:/xampp/htdocs'
    'SERVER_ADMIN' => 'postmaster@localhost'
    'SCRIPT_FILENAME' => 'D:/xampp/htdocs/o2cm/frontend/web/index.php'
    'REMOTE_PORT' => '63455'
    'GATEWAY_INTERFACE' => 'CGI/1.1'
    'SERVER_PROTOCOL' => 'HTTP/1.1'
    'REQUEST_METHOD' => 'GET'
    'QUERY_STRING' => 'r=carfinance'
    'REQUEST_URI' => '/o2cm/frontend/web/index.php?r=carfinance'
    'SCRIPT_NAME' => '/o2cm/frontend/web/index.php'
    'PHP_SELF' => '/o2cm/frontend/web/index.php'
    'REQUEST_TIME_FLOAT' => 1451583576.623
    'REQUEST_TIME' => 1451583576
]
2015-12-31 20:25:26 [127.0.0.1][-][-][error][yii\i18n\PhpMessageSource::loadMessages] The message file for category 'fhub' does not exist: ../../common/messages/en/fhub.php
    in D:\xampp\htdocs\clang\frontend\controllers\CarfinanceController.php:107
2015-12-31 20:25:25 [127.0.0.1][-][-][info][application] $_GET = [
    'r' => 'carfinance'
]

$_COOKIE = [
    '_ga' => 'GA1.1.1612031165.1450086215'
]

$_SERVER = [
    'MIBDIRS' => 'D:/xampp/php/extras/mibs'
    'MYSQL_HOME' => '\\xampp\\mysql\\bin'
    'OPENSSL_CONF' => 'D:/xampp/apache/bin/openssl.cnf'
    'PHP_PEAR_SYSCONF_DIR' => '\\xampp\\php'
    'PHPRC' => '\\xampp\\php'
    'TMP' => '\\xampp\\tmp'
    'HTTP_USER_AGENT' => 'Opera/9.80 (Android 2.3.7; Linux; Opera Mobi/46154) Presto/2.11.355 Version/12.10'
    'HTTP_HOST' => 'localhost'
    'HTTP_ACCEPT' => 'text/html, application/xml;q=0.9, application/xhtml+xml, multipart/mixed, image/png, image/webp, image/jpeg, image/gif, image/x-xbitmap, */*;q=0.1'
    'HTTP_ACCEPT_LANGUAGE' => 'en-GB,en;q=0.9'
    'HTTP_ACCEPT_ENCODING' => 'gzip, deflate'
    'HTTP_COOKIE' => '_ga=GA1.1.1612031165.1450086215'
    'HTTP_CACHE_CONTROL' => 'no-cache'
    'HTTP_CONNECTION' => 'Keep-Alive'
    'HTTP_X_EBO_UA' => 'BID=1.3.0, BCReq=EDD9D7EA29DD8F958A63360AD8F7E6F9'
    'HTTP_DEVICE_STOCK_UA' => 'Opera Mobile Emulator (no stock UA available)'
    'PATH' => 'C:\\ProgramData\\Oracle\\Java\\javapath;c:\\Program Files (x86)\\AMD APP\\bin\\x86_64;c:\\Program Files (x86)\\AMD APP\\bin\\x86;C:\\WINDOWS\\system32;C:\\WINDOWS;C:\\WINDOWS\\System32\\Wbem;C:\\WINDOWS\\System32\\WindowsPowerShell\\v1.0\\;c:\\Program Files (x86)\\ATI Technologies\\ATI.ACE\\Core-Static;D:\\xampp\\php;C:\\ProgramData\\ComposerSetup\\bin;C:\\Program Files (x86)\\Common Files\\Acronis\\SnapAPI\\;C:\\Program Files (x86)\\Skype\\Phone\\;C:\\Program Files (x86)\\AnonVPN\\bin;C:\\Program Files (x86)\\Common Files\\Acronis\\TibMounter64'
    'SystemRoot' => 'C:\\WINDOWS'
    'COMSPEC' => 'C:\\WINDOWS\\system32\\cmd.exe'
    'PATHEXT' => '.COM;.EXE;.BAT;.CMD;.VBS;.VBE;.JS;.JSE;.WSF;.WSH;.MSC'
    'WINDIR' => 'C:\\WINDOWS'
    'SERVER_SIGNATURE' => '<address>Apache/2.4.7 (Win32) OpenSSL/1.0.1e PHP/5.5.6 Server at localhost Port 80</address>
'
    'SERVER_SOFTWARE' => 'Apache/2.4.7 (Win32) OpenSSL/1.0.1e PHP/5.5.6'
    'SERVER_NAME' => 'localhost'
    'SERVER_ADDR' => '127.0.0.1'
    'SERVER_PORT' => '80'
    'REMOTE_ADDR' => '127.0.0.1'
    'DOCUMENT_ROOT' => 'D:/xampp/htdocs'
    'REQUEST_SCHEME' => 'http'
    'CONTEXT_PREFIX' => ''
    'CONTEXT_DOCUMENT_ROOT' => 'D:/xampp/htdocs'
    'SERVER_ADMIN' => 'postmaster@localhost'
    'SCRIPT_FILENAME' => 'D:/xampp/htdocs/o2cm/frontend/web/index.php'
    'REMOTE_PORT' => '64111'
    'GATEWAY_INTERFACE' => 'CGI/1.1'
    'SERVER_PROTOCOL' => 'HTTP/1.1'
    'REQUEST_METHOD' => 'GET'
    'QUERY_STRING' => 'r=carfinance'
    'REQUEST_URI' => '/o2cm/frontend/web/index.php?r=carfinance'
    'SCRIPT_NAME' => '/o2cm/frontend/web/index.php'
    'PHP_SELF' => '/o2cm/frontend/web/index.php'
    'REQUEST_TIME_FLOAT' => 1451589925.353
    'REQUEST_TIME' => 1451589925
]
2015-12-31 20:26:59 [127.0.0.1][-][-][error][yii\i18n\PhpMessageSource::loadMessages] The message file for category 'fhub' does not exist: ../../common/messages/en/fhub.php
    in D:\xampp\htdocs\clang\frontend\controllers\CarfinanceController.php:107
2015-12-31 20:26:58 [127.0.0.1][-][-][info][application] $_GET = [
    'r' => 'carfinance'
]

$_COOKIE = [
    '_ga' => 'GA1.1.1612031165.1450086215'
]

$_SERVER = [
    'MIBDIRS' => 'D:/xampp/php/extras/mibs'
    'MYSQL_HOME' => '\\xampp\\mysql\\bin'
    'OPENSSL_CONF' => 'D:/xampp/apache/bin/openssl.cnf'
    'PHP_PEAR_SYSCONF_DIR' => '\\xampp\\php'
    'PHPRC' => '\\xampp\\php'
    'TMP' => '\\xampp\\tmp'
    'HTTP_USER_AGENT' => 'Opera/9.80 (Android 2.3.7; Linux; Opera Mobi/46154) Presto/2.11.355 Version/12.10'
    'HTTP_HOST' => 'localhost'
    'HTTP_ACCEPT' => 'text/html, application/xml;q=0.9, application/xhtml+xml, multipart/mixed, image/png, image/webp, image/jpeg, image/gif, image/x-xbitmap, */*;q=0.1'
    'HTTP_ACCEPT_LANGUAGE' => 'en-GB,en;q=0.9'
    'HTTP_ACCEPT_ENCODING' => 'gzip, deflate'
    'HTTP_COOKIE' => '_ga=GA1.1.1612031165.1450086215'
    'HTTP_CACHE_CONTROL' => 'no-cache'
    'HTTP_CONNECTION' => 'Keep-Alive'
    'HTTP_X_EBO_UA' => 'BID=1.3.0, BCReq=8DD011AC9269D9E1A8924CF61A9E58EA'
    'HTTP_DEVICE_STOCK_UA' => 'Opera Mobile Emulator (no stock UA available)'
    'PATH' => 'C:\\ProgramData\\Oracle\\Java\\javapath;c:\\Program Files (x86)\\AMD APP\\bin\\x86_64;c:\\Program Files (x86)\\AMD APP\\bin\\x86;C:\\WINDOWS\\system32;C:\\WINDOWS;C:\\WINDOWS\\System32\\Wbem;C:\\WINDOWS\\System32\\WindowsPowerShell\\v1.0\\;c:\\Program Files (x86)\\ATI Technologies\\ATI.ACE\\Core-Static;D:\\xampp\\php;C:\\ProgramData\\ComposerSetup\\bin;C:\\Program Files (x86)\\Common Files\\Acronis\\SnapAPI\\;C:\\Program Files (x86)\\Skype\\Phone\\;C:\\Program Files (x86)\\AnonVPN\\bin;C:\\Program Files (x86)\\Common Files\\Acronis\\TibMounter64'
    'SystemRoot' => 'C:\\WINDOWS'
    'COMSPEC' => 'C:\\WINDOWS\\system32\\cmd.exe'
    'PATHEXT' => '.COM;.EXE;.BAT;.CMD;.VBS;.VBE;.JS;.JSE;.WSF;.WSH;.MSC'
    'WINDIR' => 'C:\\WINDOWS'
    'SERVER_SIGNATURE' => '<address>Apache/2.4.7 (Win32) OpenSSL/1.0.1e PHP/5.5.6 Server at localhost Port 80</address>
'
    'SERVER_SOFTWARE' => 'Apache/2.4.7 (Win32) OpenSSL/1.0.1e PHP/5.5.6'
    'SERVER_NAME' => 'localhost'
    'SERVER_ADDR' => '127.0.0.1'
    'SERVER_PORT' => '80'
    'REMOTE_ADDR' => '127.0.0.1'
    'DOCUMENT_ROOT' => 'D:/xampp/htdocs'
    'REQUEST_SCHEME' => 'http'
    'CONTEXT_PREFIX' => ''
    'CONTEXT_DOCUMENT_ROOT' => 'D:/xampp/htdocs'
    'SERVER_ADMIN' => 'postmaster@localhost'
    'SCRIPT_FILENAME' => 'D:/xampp/htdocs/o2cm/frontend/web/index.php'
    'REMOTE_PORT' => '64128'
    'GATEWAY_INTERFACE' => 'CGI/1.1'
    'SERVER_PROTOCOL' => 'HTTP/1.1'
    'REQUEST_METHOD' => 'GET'
    'QUERY_STRING' => 'r=carfinance'
    'REQUEST_URI' => '/o2cm/frontend/web/index.php?r=carfinance'
    'SCRIPT_NAME' => '/o2cm/frontend/web/index.php'
    'PHP_SELF' => '/o2cm/frontend/web/index.php'
    'REQUEST_TIME_FLOAT' => 1451590018.201
    'REQUEST_TIME' => 1451590018
]
2015-12-31 20:56:14 [127.0.0.1][-][-][error][yii\i18n\PhpMessageSource::loadMessages] The message file for category 'fhub' does not exist: ../../common/messages/en/fhub.php
    in D:\xampp\htdocs\clang\frontend\controllers\CarfinanceController.php:107
2015-12-31 20:56:13 [127.0.0.1][-][-][info][application] $_GET = [
    'r' => 'carfinance'
]

$_COOKIE = [
    '_ga' => 'GA1.1.1612031165.1450086215'
]

$_SERVER = [
    'MIBDIRS' => 'D:/xampp/php/extras/mibs'
    'MYSQL_HOME' => '\\xampp\\mysql\\bin'
    'OPENSSL_CONF' => 'D:/xampp/apache/bin/openssl.cnf'
    'PHP_PEAR_SYSCONF_DIR' => '\\xampp\\php'
    'PHPRC' => '\\xampp\\php'
    'TMP' => '\\xampp\\tmp'
    'HTTP_USER_AGENT' => 'Opera/9.80 (Android 2.3.7; Linux; Opera Mobi/46154) Presto/2.11.355 Version/12.10'
    'HTTP_HOST' => 'localhost'
    'HTTP_ACCEPT' => 'text/html, application/xml;q=0.9, application/xhtml+xml, multipart/mixed, image/png, image/webp, image/jpeg, image/gif, image/x-xbitmap, */*;q=0.1'
    'HTTP_ACCEPT_LANGUAGE' => 'en-GB,en;q=0.9'
    'HTTP_ACCEPT_ENCODING' => 'gzip, deflate'
    'HTTP_COOKIE' => '_ga=GA1.1.1612031165.1450086215'
    'HTTP_CACHE_CONTROL' => 'no-cache'
    'HTTP_CONNECTION' => 'Keep-Alive'
    'HTTP_X_EBO_UA' => 'BID=1.3.0, BCReq=792FA69F48D2EEF369556C0B20576106'
    'HTTP_DEVICE_STOCK_UA' => 'Opera Mobile Emulator (no stock UA available)'
    'PATH' => 'C:\\ProgramData\\Oracle\\Java\\javapath;c:\\Program Files (x86)\\AMD APP\\bin\\x86_64;c:\\Program Files (x86)\\AMD APP\\bin\\x86;C:\\WINDOWS\\system32;C:\\WINDOWS;C:\\WINDOWS\\System32\\Wbem;C:\\WINDOWS\\System32\\WindowsPowerShell\\v1.0\\;c:\\Program Files (x86)\\ATI Technologies\\ATI.ACE\\Core-Static;D:\\xampp\\php;C:\\ProgramData\\ComposerSetup\\bin;C:\\Program Files (x86)\\Common Files\\Acronis\\SnapAPI\\;C:\\Program Files (x86)\\Skype\\Phone\\;C:\\Program Files (x86)\\AnonVPN\\bin;C:\\Program Files (x86)\\Common Files\\Acronis\\TibMounter64'
    'SystemRoot' => 'C:\\WINDOWS'
    'COMSPEC' => 'C:\\WINDOWS\\system32\\cmd.exe'
    'PATHEXT' => '.COM;.EXE;.BAT;.CMD;.VBS;.VBE;.JS;.JSE;.WSF;.WSH;.MSC'
    'WINDIR' => 'C:\\WINDOWS'
    'SERVER_SIGNATURE' => '<address>Apache/2.4.7 (Win32) OpenSSL/1.0.1e PHP/5.5.6 Server at localhost Port 80</address>
'
    'SERVER_SOFTWARE' => 'Apache/2.4.7 (Win32) OpenSSL/1.0.1e PHP/5.5.6'
    'SERVER_NAME' => 'localhost'
    'SERVER_ADDR' => '127.0.0.1'
    'SERVER_PORT' => '80'
    'REMOTE_ADDR' => '127.0.0.1'
    'DOCUMENT_ROOT' => 'D:/xampp/htdocs'
    'REQUEST_SCHEME' => 'http'
    'CONTEXT_PREFIX' => ''
    'CONTEXT_DOCUMENT_ROOT' => 'D:/xampp/htdocs'
    'SERVER_ADMIN' => 'postmaster@localhost'
    'SCRIPT_FILENAME' => 'D:/xampp/htdocs/o2cm/frontend/web/index.php'
    'REMOTE_PORT' => '49340'
    'GATEWAY_INTERFACE' => 'CGI/1.1'
    'SERVER_PROTOCOL' => 'HTTP/1.1'
    'REQUEST_METHOD' => 'GET'
    'QUERY_STRING' => 'r=carfinance'
    'REQUEST_URI' => '/o2cm/frontend/web/index.php?r=carfinance'
    'SCRIPT_NAME' => '/o2cm/frontend/web/index.php'
    'PHP_SELF' => '/o2cm/frontend/web/index.php'
    'REQUEST_TIME_FLOAT' => 1451591773.128
    'REQUEST_TIME' => 1451591773
]
2016-01-01 18:45:03 [127.0.0.1][-][-][error][yii\i18n\PhpMessageSource::loadMessages] The message file for category 'fhub' does not exist: ../../common/messages/en/fhub.php
    in D:\xampp\htdocs\clang\frontend\controllers\CarfinanceController.php:107
2016-01-01 18:45:01 [127.0.0.1][-][-][info][application] $_GET = [
    'r' => 'carfinance'
]

$_COOKIE = [
    '_ga' => 'GA1.1.1612031165.1450086215'
]

$_SERVER = [
    'MIBDIRS' => 'D:/xampp/php/extras/mibs'
    'MYSQL_HOME' => '\\xampp\\mysql\\bin'
    'OPENSSL_CONF' => 'D:/xampp/apache/bin/openssl.cnf'
    'PHP_PEAR_SYSCONF_DIR' => '\\xampp\\php'
    'PHPRC' => '\\xampp\\php'
    'TMP' => '\\xampp\\tmp'
    'HTTP_USER_AGENT' => 'Opera/9.80 (Android 2.3.7; Linux; Opera Mobi/46154) Presto/2.11.355 Version/12.10'
    'HTTP_HOST' => 'localhost'
    'HTTP_ACCEPT' => 'text/html, application/xml;q=0.9, application/xhtml+xml, multipart/mixed, image/png, image/webp, image/jpeg, image/gif, image/x-xbitmap, */*;q=0.1'
    'HTTP_ACCEPT_LANGUAGE' => 'en-GB,en;q=0.9'
    'HTTP_ACCEPT_ENCODING' => 'gzip, deflate'
    'HTTP_COOKIE' => '_ga=GA1.1.1612031165.1450086215'
    'HTTP_CACHE_CONTROL' => 'no-cache'
    'HTTP_CONNECTION' => 'Keep-Alive'
    'HTTP_X_EBO_UA' => 'BID=1.3.0, BCReq=27248EFB8E46D98FE876A26A9343B4F0'
    'HTTP_DEVICE_STOCK_UA' => 'Opera Mobile Emulator (no stock UA available)'
    'PATH' => 'C:\\ProgramData\\Oracle\\Java\\javapath;c:\\Program Files (x86)\\AMD APP\\bin\\x86_64;c:\\Program Files (x86)\\AMD APP\\bin\\x86;C:\\WINDOWS\\system32;C:\\WINDOWS;C:\\WINDOWS\\System32\\Wbem;C:\\WINDOWS\\System32\\WindowsPowerShell\\v1.0\\;c:\\Program Files (x86)\\ATI Technologies\\ATI.ACE\\Core-Static;D:\\xampp\\php;C:\\ProgramData\\ComposerSetup\\bin;C:\\Program Files (x86)\\Common Files\\Acronis\\SnapAPI\\;C:\\Program Files (x86)\\Skype\\Phone\\;C:\\Program Files (x86)\\AnonVPN\\bin;C:\\Program Files (x86)\\Common Files\\Acronis\\TibMounter64'
    'SystemRoot' => 'C:\\WINDOWS'
    'COMSPEC' => 'C:\\WINDOWS\\system32\\cmd.exe'
    'PATHEXT' => '.COM;.EXE;.BAT;.CMD;.VBS;.VBE;.JS;.JSE;.WSF;.WSH;.MSC'
    'WINDIR' => 'C:\\WINDOWS'
    'SERVER_SIGNATURE' => '<address>Apache/2.4.7 (Win32) OpenSSL/1.0.1e PHP/5.5.6 Server at localhost Port 80</address>
'
    'SERVER_SOFTWARE' => 'Apache/2.4.7 (Win32) OpenSSL/1.0.1e PHP/5.5.6'
    'SERVER_NAME' => 'localhost'
    'SERVER_ADDR' => '127.0.0.1'
    'SERVER_PORT' => '80'
    'REMOTE_ADDR' => '127.0.0.1'
    'DOCUMENT_ROOT' => 'D:/xampp/htdocs'
    'REQUEST_SCHEME' => 'http'
    'CONTEXT_PREFIX' => ''
    'CONTEXT_DOCUMENT_ROOT' => 'D:/xampp/htdocs'
    'SERVER_ADMIN' => 'postmaster@localhost'
    'SCRIPT_FILENAME' => 'D:/xampp/htdocs/o2cm/frontend/web/index.php'
    'REMOTE_PORT' => '52999'
    'GATEWAY_INTERFACE' => 'CGI/1.1'
    'SERVER_PROTOCOL' => 'HTTP/1.1'
    'REQUEST_METHOD' => 'GET'
    'QUERY_STRING' => 'r=carfinance'
    'REQUEST_URI' => '/o2cm/frontend/web/index.php?r=carfinance'
    'SCRIPT_NAME' => '/o2cm/frontend/web/index.php'
    'PHP_SELF' => '/o2cm/frontend/web/index.php'
    'REQUEST_TIME_FLOAT' => 1451670301.513
    'REQUEST_TIME' => 1451670301
]
2016-01-01 18:49:05 [127.0.0.1][-][-][error][yii\base\InvalidParamException] exception 'yii\base\InvalidParamException' with message 'The file or directory to be published does not exist: D:\xampp\htdocs\o2cm/vendor\bower/jquery/dist' in D:\xampp\htdocs\clang\vendor\yiisoft\yii2\web\AssetManager.php:452
Stack trace:
#0 D:\xampp\htdocs\clang\vendor\yiisoft\yii2\web\AssetBundle.php(163): yii\web\AssetManager->publish('D:\xampp\htdocs...', Array)
#1 D:\xampp\htdocs\clang\vendor\yiisoft\yii2\web\AssetManager.php(266): yii\web\AssetBundle->publish(Object(yii\web\AssetManager))
#2 D:\xampp\htdocs\clang\vendor\yiisoft\yii2\web\AssetManager.php(237): yii\web\AssetManager->loadBundle('yii\web\JqueryA...', Array, true)
#3 D:\xampp\htdocs\clang\vendor\yiisoft\yii2\web\View.php(284): yii\web\AssetManager->getBundle('yii\web\JqueryA...')
#4 D:\xampp\htdocs\clang\vendor\yiisoft\yii2\web\View.php(289): yii\web\View->registerAssetBundle('yii\web\JqueryA...', NULL)
#5 D:\xampp\htdocs\clang\vendor\yiisoft\yii2\web\View.php(289): yii\web\View->registerAssetBundle('yii\web\YiiAsse...', NULL)
#6 D:\xampp\htdocs\o2cm\frontend\views\carfinance\index.php(30): yii\web\View->registerAssetBundle('CarFinanceAsset', 3)
#7 D:\xampp\htdocs\clang\vendor\yiisoft\yii2\base\View.php(325): require('D:\xampp\htdocs...')
#8 D:\xampp\htdocs\clang\vendor\yiisoft\yii2\base\View.php(247): yii\base\View->renderPhpFile('D:\xampp\htdocs...', Array)
#9 D:\xampp\htdocs\clang\vendor\yiisoft\yii2\base\View.php(149): yii\base\View->renderFile('D:\xampp\htdocs...', Array, Object(frontend\controllers\CarfinanceController))
#10 D:\xampp\htdocs\clang\vendor\yiisoft\yii2\base\Controller.php(371): yii\base\View->render('index', Array, Object(frontend\controllers\CarfinanceController))
#11 D:\xampp\htdocs\o2cm\frontend\controllers\CarfinanceController.php(210): yii\base\Controller->render('index', Array)
#12 [internal function]: frontend\controllers\CarfinanceController->actionIndex()
#13 D:\xampp\htdocs\clang\vendor\yiisoft\yii2\base\InlineAction.php(55): call_user_func_array(Array, Array)
#14 D:\xampp\htdocs\clang\vendor\yiisoft\yii2\base\Controller.php(151): yii\base\InlineAction->runWithParams(Array)
#15 D:\xampp\htdocs\clang\vendor\yiisoft\yii2\base\Module.php(455): yii\base\Controller->runAction('', Array)
#16 D:\xampp\htdocs\clang\vendor\yiisoft\yii2\web\Application.php(84): yii\base\Module->runAction('carfinance', Array)
#17 D:\xampp\htdocs\clang\vendor\yiisoft\yii2\base\Application.php(375): yii\web\Application->handleRequest(Object(yii\web\Request))
#18 D:\xampp\htdocs\o2cm\frontend\web\index.php(18): yii\base\Application->run()
#19 {main}
2016-01-01 18:49:02 [127.0.0.1][-][-][info][application] $_GET = [
    'r' => 'carfinance'
]

$_COOKIE = [
    '_ga' => 'GA1.1.1612031165.1450086215'
]

$_SERVER = [
    'MIBDIRS' => 'D:/xampp/php/extras/mibs'
    'MYSQL_HOME' => '\\xampp\\mysql\\bin'
    'OPENSSL_CONF' => 'D:/xampp/apache/bin/openssl.cnf'
    'PHP_PEAR_SYSCONF_DIR' => '\\xampp\\php'
    'PHPRC' => '\\xampp\\php'
    'TMP' => '\\xampp\\tmp'
    'HTTP_USER_AGENT' => 'Opera/9.80 (Android 2.3.7; Linux; Opera Mobi/46154) Presto/2.11.355 Version/12.10'
    'HTTP_HOST' => 'localhost'
    'HTTP_ACCEPT' => 'text/html, application/xml;q=0.9, application/xhtml+xml, multipart/mixed, image/png, image/webp, image/jpeg, image/gif, image/x-xbitmap, */*;q=0.1'
    'HTTP_ACCEPT_LANGUAGE' => 'en-GB,en;q=0.9'
    'HTTP_ACCEPT_ENCODING' => 'gzip, deflate'
    'HTTP_COOKIE' => '_ga=GA1.1.1612031165.1450086215'
    'HTTP_CACHE_CONTROL' => 'no-cache'
    'HTTP_CONNECTION' => 'Keep-Alive'
    'HTTP_X_EBO_UA' => 'BID=1.3.0, BCReq=C891C7B02782FD099A6A3AD1457A2761'
    'HTTP_DEVICE_STOCK_UA' => 'Opera Mobile Emulator (no stock UA available)'
    'PATH' => 'C:\\ProgramData\\Oracle\\Java\\javapath;c:\\Program Files (x86)\\AMD APP\\bin\\x86_64;c:\\Program Files (x86)\\AMD APP\\bin\\x86;C:\\WINDOWS\\system32;C:\\WINDOWS;C:\\WINDOWS\\System32\\Wbem;C:\\WINDOWS\\System32\\WindowsPowerShell\\v1.0\\;c:\\Program Files (x86)\\ATI Technologies\\ATI.ACE\\Core-Static;D:\\xampp\\php;C:\\ProgramData\\ComposerSetup\\bin;C:\\Program Files (x86)\\Common Files\\Acronis\\SnapAPI\\;C:\\Program Files (x86)\\Skype\\Phone\\;C:\\Program Files (x86)\\AnonVPN\\bin;C:\\Program Files (x86)\\Common Files\\Acronis\\TibMounter64'
    'SystemRoot' => 'C:\\WINDOWS'
    'COMSPEC' => 'C:\\WINDOWS\\system32\\cmd.exe'
    'PATHEXT' => '.COM;.EXE;.BAT;.CMD;.VBS;.VBE;.JS;.JSE;.WSF;.WSH;.MSC'
    'WINDIR' => 'C:\\WINDOWS'
    'SERVER_SIGNATURE' => '<address>Apache/2.4.7 (Win32) OpenSSL/1.0.1e PHP/5.5.6 Server at localhost Port 80</address>
'
    'SERVER_SOFTWARE' => 'Apache/2.4.7 (Win32) OpenSSL/1.0.1e PHP/5.5.6'
    'SERVER_NAME' => 'localhost'
    'SERVER_ADDR' => '127.0.0.1'
    'SERVER_PORT' => '80'
    'REMOTE_ADDR' => '127.0.0.1'
    'DOCUMENT_ROOT' => 'D:/xampp/htdocs'
    'REQUEST_SCHEME' => 'http'
    'CONTEXT_PREFIX' => ''
    'CONTEXT_DOCUMENT_ROOT' => 'D:/xampp/htdocs'
    'SERVER_ADMIN' => 'postmaster@localhost'
    'SCRIPT_FILENAME' => 'D:/xampp/htdocs/o2cm/frontend/web/index.php'
    'REMOTE_PORT' => '53044'
    'GATEWAY_INTERFACE' => 'CGI/1.1'
    'SERVER_PROTOCOL' => 'HTTP/1.1'
    'REQUEST_METHOD' => 'GET'
    'QUERY_STRING' => 'r=carfinance'
    'REQUEST_URI' => '/o2cm/frontend/web/index.php?r=carfinance'
    'SCRIPT_NAME' => '/o2cm/frontend/web/index.php'
    'PHP_SELF' => '/o2cm/frontend/web/index.php'
    'REQUEST_TIME_FLOAT' => 1451670541.985
    'REQUEST_TIME' => 1451670541
]
2016-01-08 18:24:46 [127.0.0.1][-][-][error][yii\i18n\PhpMessageSource::loadMessages] The message file for category 'yii' does not exist: D:\xampp\htdocs\o2cm\vendor\yiisoft\yii2/messages/en/yii.php
2016-01-08 18:24:46 [127.0.0.1][-][-][error][yii\web\HttpException:400] exception 'yii\web\BadRequestHttpException' with message 'Unable to verify your data submission.' in D:\xampp\htdocs\o2cm\vendor\yiisoft\yii2\web\Controller.php:110
Stack trace:
#0 D:\xampp\htdocs\o2cm\vendor\yiisoft\yii2\base\Controller.php(149): yii\web\Controller->beforeAction(Object(yii\base\InlineAction))
#1 D:\xampp\htdocs\o2cm\vendor\yiisoft\yii2\base\Module.php(455): yii\base\Controller->runAction('', Array)
#2 D:\xampp\htdocs\o2cm\vendor\yiisoft\yii2\web\Application.php(84): yii\base\Module->runAction('carfinance', Array)
#3 D:\xampp\htdocs\o2cm\vendor\yiisoft\yii2\base\Application.php(375): yii\web\Application->handleRequest(Object(yii\web\Request))
#4 D:\xampp\htdocs\o2cm\frontend\web\index.php(18): yii\base\Application->run()
#5 {main}
2016-01-08 18:24:46 [127.0.0.1][-][-][info][application] $_GET = [
    'r' => 'carfinance'
]

$_POST = [
    'f_your_name' => ''
    'f_your_email' => ''
    'f_your_phone' => ''
]

$_COOKIE = [
    '_ga' => 'GA1.1.1612031165.1450086215'
]

$_SERVER = [
    'MIBDIRS' => 'D:/xampp/php/extras/mibs'
    'MYSQL_HOME' => '\\xampp\\mysql\\bin'
    'OPENSSL_CONF' => 'D:/xampp/apache/bin/openssl.cnf'
    'PHP_PEAR_SYSCONF_DIR' => '\\xampp\\php'
    'PHPRC' => '\\xampp\\php'
    'TMP' => '\\xampp\\tmp'
    'HTTP_USER_AGENT' => 'Opera/9.80 (Android 2.3.7; Linux; Opera Mobi/46154) Presto/2.11.355 Version/12.10'
    'HTTP_HOST' => 'localhost'
    'HTTP_ACCEPT' => 'text/html, application/xml;q=0.9, application/xhtml+xml, multipart/mixed, image/png, image/webp, image/jpeg, image/gif, image/x-xbitmap, */*;q=0.1'
    'HTTP_ACCEPT_LANGUAGE' => 'en-GB,en;q=0.9'
    'HTTP_ACCEPT_ENCODING' => 'gzip, deflate'
    'HTTP_REFERER' => 'http://localhost/o2cm/frontend/web/index.php?r=carfinance'
    'HTTP_COOKIE' => '_ga=GA1.1.1612031165.1450086215'
    'HTTP_CONNECTION' => 'Keep-Alive'
    'CONTENT_LENGTH' => '40'
    'HTTP_DEVICE_STOCK_UA' => 'Opera Mobile Emulator (no stock UA available)'
    'CONTENT_TYPE' => 'application/x-www-form-urlencoded'
    'PATH' => 'C:\\ProgramData\\Oracle\\Java\\javapath;c:\\Program Files (x86)\\AMD APP\\bin\\x86_64;c:\\Program Files (x86)\\AMD APP\\bin\\x86;C:\\WINDOWS\\system32;C:\\WINDOWS;C:\\WINDOWS\\System32\\Wbem;C:\\WINDOWS\\System32\\WindowsPowerShell\\v1.0\\;c:\\Program Files (x86)\\ATI Technologies\\ATI.ACE\\Core-Static;D:\\xampp\\php;C:\\ProgramData\\ComposerSetup\\bin;C:\\Program Files (x86)\\Common Files\\Acronis\\SnapAPI\\;C:\\Program Files (x86)\\Skype\\Phone\\;C:\\Program Files (x86)\\AnonVPN\\bin;C:\\Program Files (x86)\\Common Files\\Acronis\\TibMounter64'
    'SystemRoot' => 'C:\\WINDOWS'
    'COMSPEC' => 'C:\\WINDOWS\\system32\\cmd.exe'
    'PATHEXT' => '.COM;.EXE;.BAT;.CMD;.VBS;.VBE;.JS;.JSE;.WSF;.WSH;.MSC'
    'WINDIR' => 'C:\\WINDOWS'
    'SERVER_SIGNATURE' => '<address>Apache/2.4.7 (Win32) OpenSSL/1.0.1e PHP/5.5.6 Server at localhost Port 80</address>
'
    'SERVER_SOFTWARE' => 'Apache/2.4.7 (Win32) OpenSSL/1.0.1e PHP/5.5.6'
    'SERVER_NAME' => 'localhost'
    'SERVER_ADDR' => '127.0.0.1'
    'SERVER_PORT' => '80'
    'REMOTE_ADDR' => '127.0.0.1'
    'DOCUMENT_ROOT' => 'D:/xampp/htdocs'
    'REQUEST_SCHEME' => 'http'
    'CONTEXT_PREFIX' => ''
    'CONTEXT_DOCUMENT_ROOT' => 'D:/xampp/htdocs'
    'SERVER_ADMIN' => 'postmaster@localhost'
    'SCRIPT_FILENAME' => 'D:/xampp/htdocs/o2cm/frontend/web/index.php'
    'REMOTE_PORT' => '53376'
    'GATEWAY_INTERFACE' => 'CGI/1.1'
    'SERVER_PROTOCOL' => 'HTTP/1.1'
    'REQUEST_METHOD' => 'POST'
    'QUERY_STRING' => 'r=carfinance'
    'REQUEST_URI' => '/o2cm/frontend/web/index.php?r=carfinance'
    'SCRIPT_NAME' => '/o2cm/frontend/web/index.php'
    'PHP_SELF' => '/o2cm/frontend/web/index.php'
    'REQUEST_TIME_FLOAT' => 1452273886.325
    'REQUEST_TIME' => 1452273886
]
2016-01-08 18:28:18 [::1][-][-][error][yii\i18n\PhpMessageSource::loadMessages] The message file for category 'yii' does not exist: D:\xampp\htdocs\o2cm\vendor\yiisoft\yii2/messages/en/yii.php
2016-01-08 18:28:18 [::1][-][-][error][yii\web\HttpException:400] exception 'yii\web\BadRequestHttpException' with message 'Unable to verify your data submission.' in D:\xampp\htdocs\o2cm\vendor\yiisoft\yii2\web\Controller.php:110
Stack trace:
#0 D:\xampp\htdocs\o2cm\vendor\yiisoft\yii2\base\Controller.php(149): yii\web\Controller->beforeAction(Object(yii\base\InlineAction))
#1 D:\xampp\htdocs\o2cm\vendor\yiisoft\yii2\base\Module.php(455): yii\base\Controller->runAction('', Array)
#2 D:\xampp\htdocs\o2cm\vendor\yiisoft\yii2\web\Application.php(84): yii\base\Module->runAction('carfinance', Array)
#3 D:\xampp\htdocs\o2cm\vendor\yiisoft\yii2\base\Application.php(375): yii\web\Application->handleRequest(Object(yii\web\Request))
#4 D:\xampp\htdocs\o2cm\frontend\web\index.php(18): yii\base\Application->run()
#5 {main}
2016-01-08 18:28:18 [::1][-][-][info][application] $_GET = [
    'r' => 'carfinance'
]

$_POST = [
    'f_your_name' => ''
    'f_your_email' => ''
    'f_your_phone' => ''
]

$_COOKIE = [
    '_ga' => 'GA1.1.1178769069.1449721443'
]

$_SERVER = [
    'MIBDIRS' => 'D:/xampp/php/extras/mibs'
    'MYSQL_HOME' => '\\xampp\\mysql\\bin'
    'OPENSSL_CONF' => 'D:/xampp/apache/bin/openssl.cnf'
    'PHP_PEAR_SYSCONF_DIR' => '\\xampp\\php'
    'PHPRC' => '\\xampp\\php'
    'TMP' => '\\xampp\\tmp'
    'HTTP_HOST' => 'localhost'
    'HTTP_CONNECTION' => 'keep-alive'
    'CONTENT_LENGTH' => '40'
    'HTTP_CACHE_CONTROL' => 'max-age=0'
    'HTTP_ACCEPT' => 'text/html,application/xhtml+xml,application/xml;q=0.9,image/webp,*/*;q=0.8'
    'HTTP_ORIGIN' => 'http://localhost'
    'HTTP_UPGRADE_INSECURE_REQUESTS' => '1'
    'HTTP_USER_AGENT' => 'Mozilla/5.0 (Windows NT 6.3; WOW64) AppleWebKit/537.36 (KHTML, like Gecko) Chrome/47.0.2526.106 Safari/537.36'
    'CONTENT_TYPE' => 'application/x-www-form-urlencoded'
    'HTTP_REFERER' => 'http://localhost/o2cm/frontend/web/index.php?r=carfinance'
    'HTTP_ACCEPT_ENCODING' => 'gzip, deflate'
    'HTTP_ACCEPT_LANGUAGE' => 'en-US,en;q=0.8,pt;q=0.6'
    'HTTP_COOKIE' => '_ga=GA1.1.1178769069.1449721443'
    'PATH' => 'C:\\ProgramData\\Oracle\\Java\\javapath;c:\\Program Files (x86)\\AMD APP\\bin\\x86_64;c:\\Program Files (x86)\\AMD APP\\bin\\x86;C:\\WINDOWS\\system32;C:\\WINDOWS;C:\\WINDOWS\\System32\\Wbem;C:\\WINDOWS\\System32\\WindowsPowerShell\\v1.0\\;c:\\Program Files (x86)\\ATI Technologies\\ATI.ACE\\Core-Static;D:\\xampp\\php;C:\\ProgramData\\ComposerSetup\\bin;C:\\Program Files (x86)\\Common Files\\Acronis\\SnapAPI\\;C:\\Program Files (x86)\\Skype\\Phone\\;C:\\Program Files (x86)\\AnonVPN\\bin;C:\\Program Files (x86)\\Common Files\\Acronis\\TibMounter64'
    'SystemRoot' => 'C:\\WINDOWS'
    'COMSPEC' => 'C:\\WINDOWS\\system32\\cmd.exe'
    'PATHEXT' => '.COM;.EXE;.BAT;.CMD;.VBS;.VBE;.JS;.JSE;.WSF;.WSH;.MSC'
    'WINDIR' => 'C:\\WINDOWS'
    'SERVER_SIGNATURE' => '<address>Apache/2.4.7 (Win32) OpenSSL/1.0.1e PHP/5.5.6 Server at localhost Port 80</address>
'
    'SERVER_SOFTWARE' => 'Apache/2.4.7 (Win32) OpenSSL/1.0.1e PHP/5.5.6'
    'SERVER_NAME' => 'localhost'
    'SERVER_ADDR' => '::1'
    'SERVER_PORT' => '80'
    'REMOTE_ADDR' => '::1'
    'DOCUMENT_ROOT' => 'D:/xampp/htdocs'
    'REQUEST_SCHEME' => 'http'
    'CONTEXT_PREFIX' => ''
    'CONTEXT_DOCUMENT_ROOT' => 'D:/xampp/htdocs'
    'SERVER_ADMIN' => 'postmaster@localhost'
    'SCRIPT_FILENAME' => 'D:/xampp/htdocs/o2cm/frontend/web/index.php'
    'REMOTE_PORT' => '53474'
    'GATEWAY_INTERFACE' => 'CGI/1.1'
    'SERVER_PROTOCOL' => 'HTTP/1.1'
    'REQUEST_METHOD' => 'POST'
    'QUERY_STRING' => 'r=carfinance'
    'REQUEST_URI' => '/o2cm/frontend/web/index.php?r=carfinance'
    'SCRIPT_NAME' => '/o2cm/frontend/web/index.php'
    'PHP_SELF' => '/o2cm/frontend/web/index.php'
    'REQUEST_TIME_FLOAT' => 1452274098.473
    'REQUEST_TIME' => 1452274098
]
